==131635== Memcheck, a memory error detector
==131635== Copyright (C) 2002-2022, and GNU GPL'd, by Julian Seward et al.
==131635== Using Valgrind-3.22.0 and LibVEX; rerun with -h for copyright info
==131635== Command: ./01_uninitialized_memory_fix
==131635== Parent PID: 98707
==131635== 
==131635== Conditional jump or move depends on uninitialised value(s)
==131635==    at 0x109265: main (01_uninitialized_memory_fix.c:32)
==131635==  Uninitialised value was created by a heap allocation
==131635==    at 0x4846828: malloc (in /usr/libexec/valgrind/vgpreload_memcheck-amd64-linux.so)
==131635==    by 0x1091CC: main (01_uninitialized_memory_fix.c:16)
==131635== 
==131635== 
==131635== HEAP SUMMARY:
==131635==     in use at exit: 0 bytes in 0 blocks
==131635==   total heap usage: 2 allocs, 2 frees, 1,056 bytes allocated
==131635== 
==131635== All heap blocks were freed -- no leaks are possible
==131635== 
==131635== For lists of detected and suppressed errors, rerun with: -s
==131635== ERROR SUMMARY: 1 errors from 1 contexts (suppressed: 0 from 0)
