==153048== Memcheck, a memory error detector
==153048== Copyright (C) 2002-2022, and GNU GPL'd, by Julian Seward et al.
==153048== Using Valgrind-3.22.0 and LibVEX; rerun with -h for copyright info
==153048== Command: ./02_memory_leak_fix
==153048== Parent PID: 98707
==153048== 
==153048== 
==153048== HEAP SUMMARY:
==153048==     in use at exit: 128 bytes in 1 blocks
==153048==   total heap usage: 3 allocs, 2 frees, 1,192 bytes allocated
==153048== 
==153048== 128 bytes in 1 blocks are definitely lost in loss record 1 of 1
==153048==    at 0x4846828: malloc (in /usr/libexec/valgrind/vgpreload_memcheck-amd64-linux.so)
==153048==    by 0x1091E2: build_message (02_memory_leak_fix.c:11)
==153048==    by 0x109247: main (02_memory_leak_fix.c:21)
==153048== 
==153048== LEAK SUMMARY:
==153048==    definitely lost: 128 bytes in 1 blocks
==153048==    indirectly lost: 0 bytes in 0 blocks
==153048==      possibly lost: 0 bytes in 0 blocks
==153048==    still reachable: 0 bytes in 0 blocks
==153048==         suppressed: 0 bytes in 0 blocks
==153048== 
==153048== For lists of detected and suppressed errors, rerun with: -s
==153048== ERROR SUMMARY: 1 errors from 1 contexts (suppressed: 0 from 0)
