==155218== Memcheck, a memory error detector
==155218== Copyright (C) 2002-2022, and GNU GPL'd, by Julian Seward et al.
==155218== Using Valgrind-3.22.0 and LibVEX; rerun with -h for copyright info
==155218== Command: ./03_use_after_free_fix
==155218== Parent PID: 98707
==155218== 
==155218== Invalid read of size 4
==155218==    at 0x109216: main (03_use_after_free_fix.c:22)
==155218==  Address 0x4a75040 is 0 bytes inside a block of size 12 free'd
==155218==    at 0x484988F: free (in /usr/libexec/valgrind/vgpreload_memcheck-amd64-linux.so)
==155218==    by 0x109211: main (03_use_after_free_fix.c:20)
==155218==  Block was alloc'd at
==155218==    at 0x4846828: malloc (in /usr/libexec/valgrind/vgpreload_memcheck-amd64-linux.so)
==155218==    by 0x1091BE: main (03_use_after_free_fix.c:10)
==155218== 
==155218== Invalid write of size 4
==155218==    at 0x109236: main (03_use_after_free_fix.c:23)
==155218==  Address 0x4a75044 is 4 bytes inside a block of size 12 free'd
==155218==    at 0x484988F: free (in /usr/libexec/valgrind/vgpreload_memcheck-amd64-linux.so)
==155218==    by 0x109211: main (03_use_after_free_fix.c:20)
==155218==  Block was alloc'd at
==155218==    at 0x4846828: malloc (in /usr/libexec/valgrind/vgpreload_memcheck-amd64-linux.so)
==155218==    by 0x1091BE: main (03_use_after_free_fix.c:10)
==155218== 
==155218== 
==155218== HEAP SUMMARY:
==155218==     in use at exit: 0 bytes in 0 blocks
==155218==   total heap usage: 2 allocs, 2 frees, 1,036 bytes allocated
==155218== 
==155218== All heap blocks were freed -- no leaks are possible
==155218== 
==155218== For lists of detected and suppressed errors, rerun with: -s
==155218== ERROR SUMMARY: 2 errors from 2 contexts (suppressed: 0 from 0)
