==161054== Memcheck, a memory error detector
==161054== Copyright (C) 2002-2022, and GNU GPL'd, by Julian Seward et al.
==161054== Using Valgrind-3.22.0 and LibVEX; rerun with -h for copyright info
==161054== Command: ./04_heap_tail_overflow_fix
==161054== Parent PID: 98707
==161054== 
==161054== Invalid write of size 4
==161054==    at 0x10921E: main (04_heap_tail_overflow_fix.c:18)
==161054==  Address 0x4a75054 is 0 bytes after a block of size 20 alloc'd
==161054==    at 0x4846828: malloc (in /usr/libexec/valgrind/vgpreload_memcheck-amd64-linux.so)
==161054==    by 0x1091CC: main (04_heap_tail_overflow_fix.c:11)
==161054== 
==161054== Invalid read of size 4
==161054==    at 0x109242: main (04_heap_tail_overflow_fix.c:21)
==161054==  Address 0x4a75054 is 0 bytes after a block of size 20 alloc'd
==161054==    at 0x4846828: malloc (in /usr/libexec/valgrind/vgpreload_memcheck-amd64-linux.so)
==161054==    by 0x1091CC: main (04_heap_tail_overflow_fix.c:11)
==161054== 
==161054== 
==161054== HEAP SUMMARY:
==161054==     in use at exit: 0 bytes in 0 blocks
==161054==   total heap usage: 2 allocs, 2 frees, 1,044 bytes allocated
==161054== 
==161054== All heap blocks were freed -- no leaks are possible
==161054== 
==161054== For lists of detected and suppressed errors, rerun with: -s
==161054== ERROR SUMMARY: 2 errors from 2 contexts (suppressed: 0 from 0)
